<?xml version="1.0" encoding="UTF-8"?>
<!-- Generated by org.testng.reporters.JUnitXMLReporter -->
<testsuite ignored="10" hostname="Lekshmis-PC" failures="3" tests="36" name="Test" time="227.712" errors="0" timestamp="2025-12-29T09:23:56 IST">
  <testcase classname="testpackage.IGPReminderTest" name="@BeforeClass login" time="17.998">
    <failure type="org.openqa.selenium.NoSuchSessionException" message="invalid session id: session deleted as the browser has closed the connection
from disconnected: not connected to DevTools
  (Session info: chrome=143.0.7499.170)
Build info: version: &amp;apos;4.35.0&amp;apos;, revision: &amp;apos;1c58e5028b&amp;apos;
System info: os.name: &amp;apos;Windows 11&amp;apos;, os.arch: &amp;apos;amd64&amp;apos;, os.version: &amp;apos;10.0&amp;apos;, java.version: &amp;apos;24.0.2&amp;apos;
Driver info: org.openqa.selenium.chrome.ChromeDriver
Command: [4ab56bde3a170901582aae016887e513, findElement {using=xpath, value=//a[normalize-space()=&amp;apos;Login via Password&amp;apos;]}]
Capabilities {acceptInsecureCerts: false, browserName: chrome, browserVersion: 143.0.7499.170, chrome: {chromedriverVersion: 143.0.7499.169 (164b20aab62..., userDataDir: C:\Users\HP\AppData\Local\T...}, fedcm:accounts: true, goog:chromeOptions: {debuggerAddress: localhost:51011}, goog:processID: 8032, networkConnectionEnabled: false, pageLoadStrategy: normal, platformName: windows, proxy: Proxy(), se:cdp: ws://localhost:51011/devtoo..., se:cdpVersion: 143.0.7499.170, setWindowRect: true, strictFileInteractability: false, timeouts: {implicit: 0, pageLoad: 300000, script: 30000}, unhandledPromptBehavior: dismiss and notify, webauthn:extension:credBlob: true, webauthn:extension:largeBlob: true, webauthn:extension:minPinLength: true, webauthn:extension:prf: true, webauthn:virtualAuthenticators: true}
Session ID: 4ab56bde3a170901582aae016887e513">
      <![CDATA[org.openqa.selenium.NoSuchSessionException: invalid session id: session deleted as the browser has closed the connection
from disconnected: not connected to DevTools
  (Session info: chrome=143.0.7499.170)
Build info: version: '4.35.0', revision: '1c58e5028b'
System info: os.name: 'Windows 11', os.arch: 'amd64', os.version: '10.0', java.version: '24.0.2'
Driver info: org.openqa.selenium.chrome.ChromeDriver
Command: [4ab56bde3a170901582aae016887e513, findElement {using=xpath, value=//a[normalize-space()='Login via Password']}]
Capabilities {acceptInsecureCerts: false, browserName: chrome, browserVersion: 143.0.7499.170, chrome: {chromedriverVersion: 143.0.7499.169 (164b20aab62..., userDataDir: C:\Users\HP\AppData\Local\T...}, fedcm:accounts: true, goog:chromeOptions: {debuggerAddress: localhost:51011}, goog:processID: 8032, networkConnectionEnabled: false, pageLoadStrategy: normal, platformName: windows, proxy: Proxy(), se:cdp: ws://localhost:51011/devtoo..., se:cdpVersion: 143.0.7499.170, setWindowRect: true, strictFileInteractability: false, timeouts: {implicit: 0, pageLoad: 300000, script: 30000}, unhandledPromptBehavior: dismiss and notify, webauthn:extension:credBlob: true, webauthn:extension:largeBlob: true, webauthn:extension:minPinLength: true, webauthn:extension:prf: true, webauthn:virtualAuthenticators: true}
Session ID: 4ab56bde3a170901582aae016887e513
at org.openqa.selenium.remote.ErrorCodec.decode(ErrorCodec.java:167)
at org.openqa.selenium.remote.codec.w3c.W3CHttpResponseCodec.decode(W3CHttpResponseCodec.java:138)
at org.openqa.selenium.remote.codec.w3c.W3CHttpResponseCodec.decode(W3CHttpResponseCodec.java:50)
at org.openqa.selenium.remote.HttpCommandExecutor.execute(HttpCommandExecutor.java:215)
at org.openqa.selenium.remote.service.DriverCommandExecutor.invokeExecute(DriverCommandExecutor.java:216)
at org.openqa.selenium.remote.service.DriverCommandExecutor.execute(DriverCommandExecutor.java:174)
at org.openqa.selenium.remote.RemoteWebDriver.execute(RemoteWebDriver.java:557)
at org.openqa.selenium.remote.ElementLocation$ElementFinder$2.findElement(ElementLocation.java:165)
at org.openqa.selenium.remote.ElementLocation.findElement(ElementLocation.java:59)
at org.openqa.selenium.remote.RemoteWebDriver.findElement(RemoteWebDriver.java:380)
at org.openqa.selenium.remote.RemoteWebDriver.findElement(RemoteWebDriver.java:374)
at org.openqa.selenium.support.pagefactory.DefaultElementLocator.findElement(DefaultElementLocator.java:68)
at org.openqa.selenium.support.pagefactory.internal.LocatingElementHandler.invoke(LocatingElementHandler.java:38)
at jdk.proxy2/jdk.proxy2.$Proxy18.isDisplayed(Unknown Source)
at org.openqa.selenium.support.ui.ExpectedConditions.elementIfVisible(ExpectedConditions.java:304)
at org.openqa.selenium.support.ui.ExpectedConditions$10.apply(ExpectedConditions.java:290)
at org.openqa.selenium.support.ui.ExpectedConditions$10.apply(ExpectedConditions.java:287)
at org.openqa.selenium.support.ui.ExpectedConditions$23.apply(ExpectedConditions.java:656)
at org.openqa.selenium.support.ui.ExpectedConditions$23.apply(ExpectedConditions.java:652)
at org.openqa.selenium.support.ui.FluentWait.until(FluentWait.java:203)
at pagepackage.IGPLoginPage.loginWithEmail(IGPLoginPage.java:47)
at testpackage.IGPReminderTest.login(IGPReminderTest.java:18)
at java.base/java.util.ArrayList.forEach(ArrayList.java:1604)
... Removed 26 stack frames]]>
    </failure>
  </testcase> <!-- @BeforeClass login -->
  <testcase classname="testpackage.IGPHomepageTest" name="verifyAllHeaderMenusArePresent" time="1.07"/>
  <testcase classname="testpackage.IGPHomepageTest" name="verifyAllTopNavigationMenusArePresent" time="0.42"/>
  <testcase classname="testpackage.IGPHomepageTest" name="verifyCartIsEmptyByDefault" time="2.104"/>
  <testcase classname="testpackage.IGPHomepageTest" name="verifyHeartIconTurnsRedOnAddingItemToWishlist" time="3.027"/>
  <testcase classname="testpackage.IGPHomepageTest" name="verifyHomePageTitleIsCorrect" time="0.012"/>
  <testcase classname="testpackage.IGPHomepageTest" name="verifyHomePageUrlIsCorrect" time="0.016"/>
  <testcase classname="testpackage.IGPHomepageTest" name="verifyIGPLogoIsPresent" time="0.093"/>
  <testcase classname="testpackage.IGPHomepageTest" name="verifyTheFestiveMenus" time="0.031"/>
  <testcase classname="testpackage.IGPHomepageTest" name="verifyUserCanOpenAndCloseHamburgerMenu" time="0.66"/>
  <testcase classname="testpackage.IGPHomepageTest" name="verifyUserCanSearchForProduct" time="2.082"/>
  <testcase classname="testpackage.IGPWishlistTest" name="verifyWishlistIsEmptyWhenNoItemsAdded" time="1.845"/>
  <testcase classname="testpackage.IGPWishlistTest" name="verifyUserCanAddItemToWishlist" time="4.911"/>
  <testcase classname="testpackage.IGPWishlistTest" name="verifyUserCanNavigateToProductDetailsFromWishlist" time="9.794"/>
  <testcase classname="testpackage.IGPWishlistTest" name="verifyUserCanRemoveItemFromWishlist" time="6.026"/>
  <testcase classname="testpackage.IGPWishlistTest" name="verifyWishlistCountUpdatesCorrectly" time="11.768"/>
  <testcase classname="testpackage.IGPWishlistTest" name="verifyWishlistPageTitleIsCorrect" time="1.493"/>
  <testcase classname="testpackage.IGPCartTest" name="verifyUserCanAddItemToCart" time="2.269"/>
  <testcase classname="testpackage.IGPCartTest" name="verifyUserCanRemoveItemFromCart" time="3.932">
    <failure type="java.lang.AssertionError" message="Item was not removed from cart expected [1] but found [2]">
      <![CDATA[java.lang.AssertionError: Item was not removed from cart expected [1] but found [2]
at testpackage.IGPCartTest.verifyUserCanRemoveItemFromCart(IGPCartTest.java:44)
at java.base/java.util.ArrayList.forEach(ArrayList.java:1604)
... Removed 31 stack frames]]>
    </failure>
  </testcase> <!-- verifyUserCanRemoveItemFromCart -->
  <testcase classname="testpackage.IGPCartTest" name="verifyUserCanIncreaseItemQuantityInCart" time="3.045"/>
  <testcase classname="testpackage.IGPCartTest" name="verifyUserCanDecreaseItemQuantityInCart" time="3.883"/>
  <testcase classname="testpackage.IGPCartTest" name="verifyCartIconCountUpdatesCorrectly" time="3.662">
    <failure type="java.lang.AssertionError" message="Cart icon count did not update correctly expected [2] but found [1]">
      <![CDATA[java.lang.AssertionError: Cart icon count did not update correctly expected [2] but found [1]
at testpackage.IGPCartTest.verifyCartIconCountUpdatesCorrectly(IGPCartTest.java:74)
at java.base/java.util.ArrayList.forEach(ArrayList.java:1604)
... Removed 31 stack frames]]>
    </failure>
  </testcase> <!-- verifyCartIconCountUpdatesCorrectly -->
  <testcase classname="testpackage.IGPCartTest" name="verifyTotalPriceIsCalculatedCorrectly" time="4.574"/>
  <testcase classname="testpackage.IGPCartTest" name="verifyUserCanNavigateBackToShoppingFromCart" time="5.561"/>
  <testcase classname="testpackage.IGPCartTest" name="verifyUserCanProceedToCheckoutFromCart" time="4.666"/>
  <testcase classname="testpackage.IGPCartTest" name="verifyUserCanAddItemToWishlistFromCart" time="0.02">
    <failure type="org.openqa.selenium.NoSuchElementException" message="no such element: Unable to locate element: {&amp;quot;method&amp;quot;:&amp;quot;xpath&amp;quot;,&amp;quot;selector&amp;quot;:&amp;quot;//div[@title=&amp;apos;Account&amp;apos;]&amp;quot;}
  (Session info: chrome=143.0.7499.170)
For documentation on this error, please visit: https://www.selenium.dev/documentation/webdriver/troubleshooting/errors#no-such-element-exception
Build info: version: &amp;apos;4.35.0&amp;apos;, revision: &amp;apos;1c58e5028b&amp;apos;
System info: os.name: &amp;apos;Windows 11&amp;apos;, os.arch: &amp;apos;amd64&amp;apos;, os.version: &amp;apos;10.0&amp;apos;, java.version: &amp;apos;24.0.2&amp;apos;
Driver info: org.openqa.selenium.chrome.ChromeDriver
Command: [92c9ed3971006ccdf15295ad18dc2ae1, findElement {using=xpath, value=//div[@title=&amp;apos;Account&amp;apos;]}]
Capabilities {acceptInsecureCerts: false, browserName: chrome, browserVersion: 143.0.7499.170, chrome: {chromedriverVersion: 143.0.7499.169 (164b20aab62..., userDataDir: C:\Users\HP\AppData\Local\T...}, fedcm:accounts: true, goog:chromeOptions: {debuggerAddress: localhost:55438}, goog:processID: 17336, networkConnectionEnabled: false, pageLoadStrategy: normal, platformName: windows, proxy: Proxy(), se:cdp: ws://localhost:55438/devtoo..., se:cdpVersion: 143.0.7499.170, setWindowRect: true, strictFileInteractability: false, timeouts: {implicit: 0, pageLoad: 300000, script: 30000}, unhandledPromptBehavior: dismiss and notify, webauthn:extension:credBlob: true, webauthn:extension:largeBlob: true, webauthn:extension:minPinLength: true, webauthn:extension:prf: true, webauthn:virtualAuthenticators: true}
Session ID: 92c9ed3971006ccdf15295ad18dc2ae1">
      <![CDATA[org.openqa.selenium.NoSuchElementException: no such element: Unable to locate element: {"method":"xpath","selector":"//div[@title='Account']"}
  (Session info: chrome=143.0.7499.170)
For documentation on this error, please visit: https://www.selenium.dev/documentation/webdriver/troubleshooting/errors#no-such-element-exception
Build info: version: '4.35.0', revision: '1c58e5028b'
System info: os.name: 'Windows 11', os.arch: 'amd64', os.version: '10.0', java.version: '24.0.2'
Driver info: org.openqa.selenium.chrome.ChromeDriver
Command: [92c9ed3971006ccdf15295ad18dc2ae1, findElement {using=xpath, value=//div[@title='Account']}]
Capabilities {acceptInsecureCerts: false, browserName: chrome, browserVersion: 143.0.7499.170, chrome: {chromedriverVersion: 143.0.7499.169 (164b20aab62..., userDataDir: C:\Users\HP\AppData\Local\T...}, fedcm:accounts: true, goog:chromeOptions: {debuggerAddress: localhost:55438}, goog:processID: 17336, networkConnectionEnabled: false, pageLoadStrategy: normal, platformName: windows, proxy: Proxy(), se:cdp: ws://localhost:55438/devtoo..., se:cdpVersion: 143.0.7499.170, setWindowRect: true, strictFileInteractability: false, timeouts: {implicit: 0, pageLoad: 300000, script: 30000}, unhandledPromptBehavior: dismiss and notify, webauthn:extension:credBlob: true, webauthn:extension:largeBlob: true, webauthn:extension:minPinLength: true, webauthn:extension:prf: true, webauthn:virtualAuthenticators: true}
Session ID: 92c9ed3971006ccdf15295ad18dc2ae1
at org.openqa.selenium.remote.ErrorCodec.decode(ErrorCodec.java:167)
at org.openqa.selenium.remote.codec.w3c.W3CHttpResponseCodec.decode(W3CHttpResponseCodec.java:138)
at org.openqa.selenium.remote.codec.w3c.W3CHttpResponseCodec.decode(W3CHttpResponseCodec.java:50)
at org.openqa.selenium.remote.HttpCommandExecutor.execute(HttpCommandExecutor.java:215)
at org.openqa.selenium.remote.service.DriverCommandExecutor.invokeExecute(DriverCommandExecutor.java:216)
at org.openqa.selenium.remote.service.DriverCommandExecutor.execute(DriverCommandExecutor.java:174)
at org.openqa.selenium.remote.RemoteWebDriver.execute(RemoteWebDriver.java:557)
at org.openqa.selenium.remote.ElementLocation$ElementFinder$2.findElement(ElementLocation.java:165)
at org.openqa.selenium.remote.ElementLocation.findElement(ElementLocation.java:59)
at org.openqa.selenium.remote.RemoteWebDriver.findElement(RemoteWebDriver.java:380)
at org.openqa.selenium.remote.RemoteWebDriver.findElement(RemoteWebDriver.java:374)
at org.openqa.selenium.support.pagefactory.DefaultElementLocator.findElement(DefaultElementLocator.java:68)
at org.openqa.selenium.support.pagefactory.internal.LocatingElementHandler.invoke(LocatingElementHandler.java:38)
at jdk.proxy2/jdk.proxy2.$Proxy18.click(Unknown Source)
at pagepackage.IGPLoginPage.loginWithEmail(IGPLoginPage.java:44)
at testpackage.IGPCartTest.verifyUserCanAddItemToWishlistFromCart(IGPCartTest.java:113)
at java.base/java.util.ArrayList.forEach(ArrayList.java:1604)
... Removed 28 stack frames]]>
    </failure>
  </testcase> <!-- verifyUserCanAddItemToWishlistFromCart -->
  <testcase classname="testpackage.IGPProductDetailsTest" name="verifyCorrectProductDetailsPageIsDisplayed" time="5.832"/>
  <testcase classname="testpackage.IGPProductDetailsTest" name="verifyProductDetailsAreDisplayed" time="6.895"/>
  <testcase classname="testpackage.IGPProductDetailsTest" name="verifyUserCanAddProductToWishlistFromProductDetailsPage" time="7.289"/>
  <testcase classname="testpackage.IGPProductDetailsTest" name="verifyUserCanSelectDeliveryDate" time="6.627"/>
  <testcase classname="testpackage.IGPProductDetailsTest" name="verifyUserCanSelectDeliveryLocation" time="4.828"/>
  <testcase classname="testpackage.IGPProductDetailsTest" name="verifyUserIsNavigatedToProductDetailsPage" time="4.064"/>
  <testcase classname="testpackage.IGPGiftCustomizationTest" name="verifyNamePersonalizationOnProduct" time="12.626"/>
  <testcase classname="testpackage.IGPGiftCustomizationTest" name="verifyUserCanCustomizePhotoCakeWithImageUpload" time="26.478"/>
  <testcase classname="testpackage.IGPReminderTest" name="verifyUserCanAddANewReminder" time="0.0">
    <skipped/>
  </testcase> <!-- verifyUserCanAddANewReminder -->
  <testcase classname="testpackage.IGPReminderTest" name="verifyUserCanOpenReminderPageFromHeader" time="0.0">
    <skipped/>
  </testcase> <!-- verifyUserCanOpenReminderPageFromHeader -->
  <testcase classname="testpackage.IGPReminderTest" name="verifyUserIsAbleToDeleteReminder" time="0.0">
    <skipped/>
  </testcase> <!-- verifyUserIsAbleToDeleteReminder -->
  <testcase classname="basepackage.IGPBaseClass" name="@BeforeSuite setUp" time="0.0">
    <ignored/>
  </testcase> <!-- @BeforeSuite setUp -->
  <testcase classname="basepackage.IGPBaseClass" name="@BeforeSuite setUp" time="0.0">
    <ignored/>
  </testcase> <!-- @BeforeSuite setUp -->
  <testcase classname="basepackage.IGPBaseClass" name="@AfterSuite tearDownSuite" time="0.0">
    <ignored/>
  </testcase> <!-- @AfterSuite tearDownSuite -->
  <testcase classname="basepackage.IGPBaseClass" name="@AfterSuite tearDownSuite" time="0.0">
    <ignored/>
  </testcase> <!-- @AfterSuite tearDownSuite -->
  <testcase classname="basepackage.IGPBaseClass" name="@BeforeSuite setUp" time="0.0">
    <ignored/>
  </testcase> <!-- @BeforeSuite setUp -->
  <testcase classname="basepackage.IGPBaseClass" name="@BeforeSuite setUp" time="0.0">
    <ignored/>
  </testcase> <!-- @BeforeSuite setUp -->
  <testcase classname="basepackage.IGPBaseClass" name="@AfterSuite tearDownSuite" time="0.0">
    <ignored/>
  </testcase> <!-- @AfterSuite tearDownSuite -->
  <testcase classname="basepackage.IGPBaseClass" name="@AfterSuite tearDownSuite" time="0.0">
    <ignored/>
  </testcase> <!-- @AfterSuite tearDownSuite -->
  <testcase classname="basepackage.IGPBaseClass" name="@BeforeSuite setUp" time="0.0">
    <ignored/>
  </testcase> <!-- @BeforeSuite setUp -->
  <testcase classname="basepackage.IGPBaseClass" name="@AfterSuite tearDownSuite" time="0.0">
    <ignored/>
  </testcase> <!-- @AfterSuite tearDownSuite -->
</testsuite> <!-- Test -->
