<?xml version="1.0" encoding="UTF-8"?>
<!-- Generated by org.testng.reporters.JUnitXMLReporter -->
<testsuite ignored="10" hostname="Lekshmis-PC" failures="1" tests="34" name="Test" time="269.033" errors="0" timestamp="2025-12-29T11:06:01 IST">
  <testcase classname="testpackage.IGPReminderTest" name="@BeforeClass login" time="22.366">
    <failure type="org.openqa.selenium.TimeoutException" message="Expected condition failed: waiting for element to be clickable: [[ChromeDriver: chrome on windows (cc62912419c9c7bcd2c4b339f67f6045)] -&amp;gt; xpath: //a[normalize-space()=&amp;apos;Login via Password&amp;apos;]] (tried for 20 second(s) with 500 milliseconds interval)
Build info: version: &amp;apos;4.35.0&amp;apos;, revision: &amp;apos;1c58e5028b&amp;apos;
System info: os.name: &amp;apos;Windows 11&amp;apos;, os.arch: &amp;apos;amd64&amp;apos;, os.version: &amp;apos;10.0&amp;apos;, java.version: &amp;apos;24.0.2&amp;apos;
Driver info: org.openqa.selenium.chrome.ChromeDriver
Capabilities {acceptInsecureCerts: false, browserName: chrome, browserVersion: 143.0.7499.170, chrome: {chromedriverVersion: 143.0.7499.169 (164b20aab62..., userDataDir: C:\Users\HP\AppData\Local\T...}, fedcm:accounts: true, goog:chromeOptions: {debuggerAddress: localhost:58600}, goog:processID: 17600, networkConnectionEnabled: false, pageLoadStrategy: normal, platformName: windows, proxy: Proxy(), se:cdp: ws://localhost:58600/devtoo..., se:cdpVersion: 143.0.7499.170, setWindowRect: true, strictFileInteractability: false, timeouts: {implicit: 0, pageLoad: 300000, script: 30000}, unhandledPromptBehavior: dismiss and notify, webauthn:extension:credBlob: true, webauthn:extension:largeBlob: true, webauthn:extension:minPinLength: true, webauthn:extension:prf: true, webauthn:virtualAuthenticators: true}
Session ID: cc62912419c9c7bcd2c4b339f67f6045">
      <![CDATA[org.openqa.selenium.TimeoutException: Expected condition failed: waiting for element to be clickable: [[ChromeDriver: chrome on windows (cc62912419c9c7bcd2c4b339f67f6045)] -> xpath: //a[normalize-space()='Login via Password']] (tried for 20 second(s) with 500 milliseconds interval)
Build info: version: '4.35.0', revision: '1c58e5028b'
System info: os.name: 'Windows 11', os.arch: 'amd64', os.version: '10.0', java.version: '24.0.2'
Driver info: org.openqa.selenium.chrome.ChromeDriver
Capabilities {acceptInsecureCerts: false, browserName: chrome, browserVersion: 143.0.7499.170, chrome: {chromedriverVersion: 143.0.7499.169 (164b20aab62..., userDataDir: C:\Users\HP\AppData\Local\T...}, fedcm:accounts: true, goog:chromeOptions: {debuggerAddress: localhost:58600}, goog:processID: 17600, networkConnectionEnabled: false, pageLoadStrategy: normal, platformName: windows, proxy: Proxy(), se:cdp: ws://localhost:58600/devtoo..., se:cdpVersion: 143.0.7499.170, setWindowRect: true, strictFileInteractability: false, timeouts: {implicit: 0, pageLoad: 300000, script: 30000}, unhandledPromptBehavior: dismiss and notify, webauthn:extension:credBlob: true, webauthn:extension:largeBlob: true, webauthn:extension:minPinLength: true, webauthn:extension:prf: true, webauthn:virtualAuthenticators: true}
Session ID: cc62912419c9c7bcd2c4b339f67f6045
at org.openqa.selenium.support.ui.WebDriverWait.timeoutException(WebDriverWait.java:84)
at org.openqa.selenium.support.ui.FluentWait.until(FluentWait.java:228)
at pagepackage.IGPLoginPage.loginWithEmail(IGPLoginPage.java:47)
at testpackage.IGPReminderTest.login(IGPReminderTest.java:18)
at java.base/java.util.ArrayList.forEach(ArrayList.java:1604)
... Removed 23 stack frames]]>
    </failure>
  </testcase> <!-- @BeforeClass login -->
  <testcase classname="testpackage.IGPHomepageTest" name="verifyAllHeaderMenusArePresent" time="1.079"/>
  <testcase classname="testpackage.IGPHomepageTest" name="verifyAllTopNavigationMenusArePresent" time="0.463"/>
  <testcase classname="testpackage.IGPHomepageTest" name="verifyCartIsEmptyByDefault" time="1.861"/>
  <testcase classname="testpackage.IGPHomepageTest" name="verifyHeartIconTurnsRedOnAddingItemToWishlist" time="3.033"/>
  <testcase classname="testpackage.IGPHomepageTest" name="verifyHomePageTitleIsCorrect" time="0.018"/>
  <testcase classname="testpackage.IGPHomepageTest" name="verifyHomePageUrlIsCorrect" time="0.008"/>
  <testcase classname="testpackage.IGPHomepageTest" name="verifyIGPLogoIsPresent" time="0.072"/>
  <testcase classname="testpackage.IGPHomepageTest" name="verifyTheFestiveMenus" time="0.022"/>
  <testcase classname="testpackage.IGPHomepageTest" name="verifyUserCanOpenAndCloseHamburgerMenu" time="0.651"/>
  <testcase classname="testpackage.IGPHomepageTest" name="verifyUserCanSearchForProduct" time="1.814"/>
  <testcase classname="testpackage.IGPWishlistTest" name="verifyWishlistIsEmptyWhenNoItemsAdded" time="1.54"/>
  <testcase classname="testpackage.IGPWishlistTest" name="verifyUserCanAddItemToWishlist" time="5.027"/>
  <testcase classname="testpackage.IGPWishlistTest" name="verifyUserCanNavigateToProductDetailsFromWishlist" time="11.063"/>
  <testcase classname="testpackage.IGPWishlistTest" name="verifyUserCanRemoveItemFromWishlist" time="5.732"/>
  <testcase classname="testpackage.IGPWishlistTest" name="verifyWishlistPageTitleIsCorrect" time="1.79"/>
  <testcase classname="testpackage.IGPCartTest" name="verifyUserCanAddItemToCart" time="2.406"/>
  <testcase classname="testpackage.IGPCartTest" name="verifyUserCanRemoveItemFromCart" time="3.648"/>
  <testcase classname="testpackage.IGPCartTest" name="verifyUserCanIncreaseItemQuantityInCart" time="2.751"/>
  <testcase classname="testpackage.IGPCartTest" name="verifyUserCanDecreaseItemQuantityInCart" time="3.251">
    <failure type="java.lang.AssertionError" message="Item Quantity in cart didnot decrease expected [1] but found [3]">
      <![CDATA[java.lang.AssertionError: Item Quantity in cart didnot decrease expected [1] but found [3]
at testpackage.IGPCartTest.verifyUserCanDecreaseItemQuantityInCart(IGPCartTest.java:64)
at java.base/java.util.ArrayList.forEach(ArrayList.java:1604)
... Removed 31 stack frames]]>
    </failure>
  </testcase> <!-- verifyUserCanDecreaseItemQuantityInCart -->
  <testcase classname="testpackage.IGPCartTest" name="verifyCartIconCountUpdatesCorrectly" time="3.187"/>
  <testcase classname="testpackage.IGPCartTest" name="verifyTotalPriceIsCalculatedCorrectly" time="2.964"/>
  <testcase classname="testpackage.IGPCartTest" name="verifyUserCanNavigateBackToShoppingFromCart" time="34.037"/>
  <testcase classname="testpackage.IGPCartTest" name="verifyUserCanProceedToCheckoutFromCart" time="5.087"/>
  <testcase classname="testpackage.IGPProductDetailsTest" name="verifyCorrectProductDetailsPageIsDisplayed" time="6.769"/>
  <testcase classname="testpackage.IGPProductDetailsTest" name="verifyProductDetailsAreDisplayed" time="3.916"/>
  <testcase classname="testpackage.IGPProductDetailsTest" name="verifyUserCanAddProductToWishlistFromProductDetailsPage" time="8.676"/>
  <testcase classname="testpackage.IGPProductDetailsTest" name="verifyUserCanSelectDeliveryDate" time="6.761"/>
  <testcase classname="testpackage.IGPProductDetailsTest" name="verifyUserCanSelectDeliveryLocation" time="6.523"/>
  <testcase classname="testpackage.IGPProductDetailsTest" name="verifyUserIsNavigatedToProductDetailsPage" time="4.731"/>
  <testcase classname="testpackage.IGPGiftCustomizationTest" name="verifyNamePersonalizationOnProduct" time="15.645"/>
  <testcase classname="testpackage.IGPGiftCustomizationTest" name="verifyUserCanCustomizePhotoCakeWithImageUpload" time="25.57"/>
  <testcase classname="testpackage.IGPReminderTest" name="verifyUserCanAddANewReminder" time="0.0">
    <skipped/>
  </testcase> <!-- verifyUserCanAddANewReminder -->
  <testcase classname="testpackage.IGPReminderTest" name="verifyUserCanOpenReminderPageFromHeader" time="0.0">
    <skipped/>
  </testcase> <!-- verifyUserCanOpenReminderPageFromHeader -->
  <testcase classname="testpackage.IGPReminderTest" name="verifyUserIsAbleToDeleteReminder" time="0.0">
    <skipped/>
  </testcase> <!-- verifyUserIsAbleToDeleteReminder -->
  <testcase classname="basepackage.IGPBaseClass" name="@BeforeSuite setUp" time="0.0">
    <ignored/>
  </testcase> <!-- @BeforeSuite setUp -->
  <testcase classname="basepackage.IGPBaseClass" name="@AfterSuite tearDownSuite" time="0.0">
    <ignored/>
  </testcase> <!-- @AfterSuite tearDownSuite -->
  <testcase classname="basepackage.IGPBaseClass" name="@AfterSuite tearDownSuite" time="0.0">
    <ignored/>
  </testcase> <!-- @AfterSuite tearDownSuite -->
  <testcase classname="basepackage.IGPBaseClass" name="@AfterSuite tearDownSuite" time="0.0">
    <ignored/>
  </testcase> <!-- @AfterSuite tearDownSuite -->
  <testcase classname="basepackage.IGPBaseClass" name="@BeforeSuite setUp" time="0.0">
    <ignored/>
  </testcase> <!-- @BeforeSuite setUp -->
  <testcase classname="basepackage.IGPBaseClass" name="@AfterSuite tearDownSuite" time="0.0">
    <ignored/>
  </testcase> <!-- @AfterSuite tearDownSuite -->
  <testcase classname="basepackage.IGPBaseClass" name="@AfterSuite tearDownSuite" time="0.0">
    <ignored/>
  </testcase> <!-- @AfterSuite tearDownSuite -->
  <testcase classname="basepackage.IGPBaseClass" name="@BeforeSuite setUp" time="0.0">
    <ignored/>
  </testcase> <!-- @BeforeSuite setUp -->
  <testcase classname="basepackage.IGPBaseClass" name="@BeforeSuite setUp" time="0.0">
    <ignored/>
  </testcase> <!-- @BeforeSuite setUp -->
  <testcase classname="basepackage.IGPBaseClass" name="@BeforeSuite setUp" time="0.0">
    <ignored/>
  </testcase> <!-- @BeforeSuite setUp -->
</testsuite> <!-- Test -->
