<?xml version="1.0" encoding="UTF-8"?>
<testng-results ignored="0" total="3" passed="2" failed="1" skipped="0">
  <reporter-output>
  </reporter-output>
  <suite started-at="2026-01-03T21:25:23 IST" name="Default suite" finished-at="2026-01-03T21:26:04 IST" duration-ms="41110">
    <groups>
    </groups>
    <test started-at="2026-01-03T21:25:23 IST" name="Default test" finished-at="2026-01-03T21:26:04 IST" duration-ms="41110">
      <class name="testpackage.IGPReminderTest">
        <test-method is-config="true" signature="setUp()[pri:0, instance:testpackage.IGPReminderTest@3c19aaa5]" started-at="2026-01-03T21:25:23 IST" name="setUp" finished-at="2026-01-03T21:25:23 IST" duration-ms="197" status="PASS">
          <reporter-output>
          </reporter-output>
        </test-method> <!-- setUp -->
        <test-method is-config="true" signature="initializePages()[pri:0, instance:testpackage.IGPReminderTest@3c19aaa5]" started-at="2026-01-03T21:25:23 IST" name="initializePages" finished-at="2026-01-03T21:25:28 IST" duration-ms="5081" status="PASS">
          <reporter-output>
          </reporter-output>
        </test-method> <!-- initializePages -->
        <test-method is-config="true" signature="login()[pri:0, instance:testpackage.IGPReminderTest@3c19aaa5]" started-at="2026-01-03T21:25:28 IST" name="login" finished-at="2026-01-03T21:25:32 IST" duration-ms="3458" status="PASS">
          <reporter-output>
          </reporter-output>
        </test-method> <!-- login -->
        <test-method is-config="true" signature="beforeMethod(java.lang.reflect.Method)[pri:0, instance:testpackage.IGPReminderTest@3c19aaa5]" started-at="2026-01-03T21:25:32 IST" name="beforeMethod" finished-at="2026-01-03T21:25:32 IST" duration-ms="12" status="PASS">
          <params>
            <param index="0">
              <value>
                <![CDATA[public void testpackage.IGPReminderTest.verifyUserCanAddANewReminder()]]>
              </value>
            </param>
          </params>
          <reporter-output>
          </reporter-output>
        </test-method> <!-- beforeMethod -->
        <test-method signature="verifyUserCanAddANewReminder()[pri:0, instance:testpackage.IGPReminderTest@3c19aaa5]" started-at="2026-01-03T21:25:32 IST" name="verifyUserCanAddANewReminder" finished-at="2026-01-03T21:25:38 IST" duration-ms="6643" status="PASS">
          <reporter-output>
          </reporter-output>
        </test-method> <!-- verifyUserCanAddANewReminder -->
        <test-method is-config="true" signature="afterMthd(org.testng.ITestResult)[pri:0, instance:testpackage.IGPReminderTest@3c19aaa5]" started-at="2026-01-03T21:25:38 IST" name="afterMthd" finished-at="2026-01-03T21:25:38 IST" duration-ms="9" status="PASS">
          <params>
            <param index="0">
              <value>
                <![CDATA[[TestResult name=verifyUserCanAddANewReminder status=SUCCESS method=IGPReminderTest.verifyUserCanAddANewReminder()[pri:0, instance:testpackage.IGPReminderTest@3c19aaa5] output={null}]]]>
              </value>
            </param>
          </params>
          <reporter-output>
          </reporter-output>
        </test-method> <!-- afterMthd -->
        <test-method signature="verifyUserCanOpenReminderPageFromHeader()[pri:0, instance:testpackage.IGPReminderTest@3c19aaa5]" started-at="2026-01-03T21:25:38 IST" name="verifyUserCanOpenReminderPageFromHeader" finished-at="2026-01-03T21:25:40 IST" duration-ms="1198" status="PASS">
          <reporter-output>
          </reporter-output>
        </test-method> <!-- verifyUserCanOpenReminderPageFromHeader -->
        <test-method is-config="true" signature="beforeMethod(java.lang.reflect.Method)[pri:0, instance:testpackage.IGPReminderTest@3c19aaa5]" started-at="2026-01-03T21:25:38 IST" name="beforeMethod" finished-at="2026-01-03T21:25:38 IST" duration-ms="0" status="PASS">
          <params>
            <param index="0">
              <value>
                <![CDATA[public void testpackage.IGPReminderTest.verifyUserCanOpenReminderPageFromHeader()]]>
              </value>
            </param>
          </params>
          <reporter-output>
          </reporter-output>
        </test-method> <!-- beforeMethod -->
        <test-method is-config="true" signature="afterMthd(org.testng.ITestResult)[pri:0, instance:testpackage.IGPReminderTest@3c19aaa5]" started-at="2026-01-03T21:25:40 IST" name="afterMthd" finished-at="2026-01-03T21:25:40 IST" duration-ms="3" status="PASS">
          <params>
            <param index="0">
              <value>
                <![CDATA[[TestResult name=verifyUserCanOpenReminderPageFromHeader status=SUCCESS method=IGPReminderTest.verifyUserCanOpenReminderPageFromHeader()[pri:0, instance:testpackage.IGPReminderTest@3c19aaa5] output={null}]]]>
              </value>
            </param>
          </params>
          <reporter-output>
          </reporter-output>
        </test-method> <!-- afterMthd -->
        <test-method is-config="true" signature="beforeMethod(java.lang.reflect.Method)[pri:0, instance:testpackage.IGPReminderTest@3c19aaa5]" started-at="2026-01-03T21:25:40 IST" name="beforeMethod" finished-at="2026-01-03T21:25:40 IST" duration-ms="2" status="PASS">
          <params>
            <param index="0">
              <value>
                <![CDATA[public void testpackage.IGPReminderTest.verifyUserIsAbleToDeleteReminder() throws java.lang.Exception]]>
              </value>
            </param>
          </params>
          <reporter-output>
          </reporter-output>
        </test-method> <!-- beforeMethod -->
        <test-method signature="verifyUserIsAbleToDeleteReminder()[pri:0, instance:testpackage.IGPReminderTest@3c19aaa5]" started-at="2026-01-03T21:25:40 IST" name="verifyUserIsAbleToDeleteReminder" finished-at="2026-01-03T21:26:04 IST" duration-ms="24339" status="FAIL">
          <exception class="org.openqa.selenium.TimeoutException">
            <message>
              <![CDATA[Expected condition failed: waiting for number of elements found by By.xpath: //div[contains(@class,'reminder_card')] to be "0". Current number: "14" (tried for 20 second(s) with 500 milliseconds interval)
Build info: version: '4.35.0', revision: '1c58e5028b'
System info: os.name: 'Windows 11', os.arch: 'amd64', os.version: '10.0', java.version: '24.0.2'
Driver info: org.openqa.selenium.chrome.ChromeDriver
Capabilities {acceptInsecureCerts: false, browserName: chrome, browserVersion: 143.0.7499.170, chrome: {chromedriverVersion: 143.0.7499.169 (164b20aab62..., userDataDir: C:\Users\HP\AppData\Local\T...}, fedcm:accounts: true, goog:chromeOptions: {debuggerAddress: localhost:54924}, goog:processID: 9564, networkConnectionEnabled: false, pageLoadStrategy: normal, platformName: windows, proxy: Proxy(), se:cdp: ws://localhost:54924/devtoo..., se:cdpVersion: 143.0.7499.170, setWindowRect: true, strictFileInteractability: false, timeouts: {implicit: 0, pageLoad: 300000, script: 30000}, unhandledPromptBehavior: dismiss and notify, webauthn:extension:credBlob: true, webauthn:extension:largeBlob: true, webauthn:extension:minPinLength: true, webauthn:extension:prf: true, webauthn:virtualAuthenticators: true}
Session ID: 89f6085bb0d8890136f86ab5018b703c]]>
            </message>
            <full-stacktrace>
              <![CDATA[org.openqa.selenium.TimeoutException: Expected condition failed: waiting for number of elements found by By.xpath: //div[contains(@class,'reminder_card')] to be "0". Current number: "14" (tried for 20 second(s) with 500 milliseconds interval)
Build info: version: '4.35.0', revision: '1c58e5028b'
System info: os.name: 'Windows 11', os.arch: 'amd64', os.version: '10.0', java.version: '24.0.2'
Driver info: org.openqa.selenium.chrome.ChromeDriver
Capabilities {acceptInsecureCerts: false, browserName: chrome, browserVersion: 143.0.7499.170, chrome: {chromedriverVersion: 143.0.7499.169 (164b20aab62..., userDataDir: C:\Users\HP\AppData\Local\T...}, fedcm:accounts: true, goog:chromeOptions: {debuggerAddress: localhost:54924}, goog:processID: 9564, networkConnectionEnabled: false, pageLoadStrategy: normal, platformName: windows, proxy: Proxy(), se:cdp: ws://localhost:54924/devtoo..., se:cdpVersion: 143.0.7499.170, setWindowRect: true, strictFileInteractability: false, timeouts: {implicit: 0, pageLoad: 300000, script: 30000}, unhandledPromptBehavior: dismiss and notify, webauthn:extension:credBlob: true, webauthn:extension:largeBlob: true, webauthn:extension:minPinLength: true, webauthn:extension:prf: true, webauthn:virtualAuthenticators: true}
Session ID: 89f6085bb0d8890136f86ab5018b703c
at org.openqa.selenium.support.ui.WebDriverWait.timeoutException(WebDriverWait.java:84)
at org.openqa.selenium.support.ui.FluentWait.until(FluentWait.java:228)
at testpackage.IGPReminderTest.verifyUserIsAbleToDeleteReminder(IGPReminderTest.java:55)
at java.base/jdk.internal.reflect.DirectMethodHandleAccessor.invoke(DirectMethodHandleAccessor.java:104)
at java.base/java.lang.reflect.Method.invoke(Method.java:565)
at org.testng.internal.invokers.MethodInvocationHelper.invokeMethod(MethodInvocationHelper.java:141)
at org.testng.internal.invokers.TestInvoker.invokeMethod(TestInvoker.java:687)
at org.testng.internal.invokers.TestInvoker.invokeTestMethod(TestInvoker.java:230)
at org.testng.internal.invokers.MethodRunner.runInSequence(MethodRunner.java:63)
at org.testng.internal.invokers.TestInvoker$MethodInvocationAgent.invoke(TestInvoker.java:995)
at org.testng.internal.invokers.TestInvoker.invokeTestMethods(TestInvoker.java:203)
at org.testng.internal.invokers.TestMethodWorker.invokeTestMethods(TestMethodWorker.java:154)
at org.testng.internal.invokers.TestMethodWorker.run(TestMethodWorker.java:134)
at java.base/java.util.ArrayList.forEach(ArrayList.java:1604)
at org.testng.TestRunner.privateRun(TestRunner.java:741)
at org.testng.TestRunner.run(TestRunner.java:616)
at org.testng.SuiteRunner.runTest(SuiteRunner.java:421)
at org.testng.SuiteRunner.runSequentially(SuiteRunner.java:413)
at org.testng.SuiteRunner.privateRun(SuiteRunner.java:373)
at org.testng.SuiteRunner.run(SuiteRunner.java:312)
at org.testng.SuiteRunnerWorker.runSuite(SuiteRunnerWorker.java:52)
at org.testng.SuiteRunnerWorker.run(SuiteRunnerWorker.java:95)
at org.testng.TestNG.runSuitesSequentially(TestNG.java:1274)
at org.testng.TestNG.runSuitesLocally(TestNG.java:1208)
at org.testng.TestNG.runSuites(TestNG.java:1112)
at org.testng.TestNG.run(TestNG.java:1079)
at org.testng.remote.AbstractRemoteTestNG.run(AbstractRemoteTestNG.java:115)
at org.testng.remote.RemoteTestNG.initAndRun(RemoteTestNG.java:293)
at org.testng.remote.RemoteTestNG.main(RemoteTestNG.java:91)
]]>
            </full-stacktrace>
          </exception> <!-- org.openqa.selenium.TimeoutException -->
          <reporter-output>
          </reporter-output>
        </test-method> <!-- verifyUserIsAbleToDeleteReminder -->
        <test-method is-config="true" signature="afterMthd(org.testng.ITestResult)[pri:0, instance:testpackage.IGPReminderTest@3c19aaa5]" started-at="2026-01-03T21:26:04 IST" name="afterMthd" finished-at="2026-01-03T21:26:04 IST" duration-ms="8" status="PASS">
          <params>
            <param index="0">
              <value>
                <![CDATA[[TestResult name=verifyUserIsAbleToDeleteReminder status=FAILURE method=IGPReminderTest.verifyUserIsAbleToDeleteReminder()[pri:0, instance:testpackage.IGPReminderTest@3c19aaa5] output={null}]]]>
              </value>
            </param>
          </params>
          <reporter-output>
          </reporter-output>
        </test-method> <!-- afterMthd -->
        <test-method is-config="true" signature="tearDownClass()[pri:0, instance:testpackage.IGPReminderTest@3c19aaa5]" started-at="2026-01-03T21:26:04 IST" name="tearDownClass" finished-at="2026-01-03T21:26:04 IST" duration-ms="273" status="PASS">
          <reporter-output>
          </reporter-output>
        </test-method> <!-- tearDownClass -->
        <test-method is-config="true" signature="tearDownSuite()[pri:0, instance:testpackage.IGPReminderTest@3c19aaa5]" started-at="2026-01-03T21:26:04 IST" name="tearDownSuite" finished-at="2026-01-03T21:26:05 IST" duration-ms="301" status="PASS">
          <reporter-output>
          </reporter-output>
        </test-method> <!-- tearDownSuite -->
      </class> <!-- testpackage.IGPReminderTest -->
    </test> <!-- Default test -->
  </suite> <!-- Default suite -->
</testng-results>
