<?xml version="1.0" encoding="UTF-8"?>
<!-- Generated by org.testng.reporters.JUnitReportReporter -->
<testsuite hostname="Lekshmis-PC" failures="0" tests="10" name="testpackage.IGPHomepageTest" time="20.406" errors="0" timestamp="2025-12-29T11:55:30 IST" skipped="0">
  <testcase classname="testpackage.IGPHomepageTest" name="verifyIGPLogoIsPresent" time="0.114"/>
  <testcase classname="testpackage.IGPHomepageTest" name="verifyAllHeaderMenusArePresent" time="1.166"/>
  <testcase classname="testpackage.IGPHomepageTest" name="verifyHomePageTitleIsCorrect" time="0.026"/>
  <testcase classname="testpackage.IGPHomepageTest" name="verifyHeartIconTurnsRedOnAddingItemToWishlist" time="8.497"/>
  <testcase classname="testpackage.IGPHomepageTest" name="verifyUserCanSearchForProduct" time="3.285"/>
  <testcase classname="testpackage.IGPHomepageTest" name="verifyTheFestiveMenus" time="0.025"/>
  <testcase classname="testpackage.IGPHomepageTest" name="verifyAllTopNavigationMenusArePresent" time="1.107"/>
  <testcase classname="testpackage.IGPHomepageTest" name="verifyUserCanOpenAndCloseHamburgerMenu" time="1.997"/>
  <testcase classname="testpackage.IGPHomepageTest" name="verifyHomePageUrlIsCorrect" time="0.021"/>
  <testcase classname="testpackage.IGPHomepageTest" name="verifyCartIsEmptyByDefault" time="4.168"/>
</testsuite> <!-- testpackage.IGPHomepageTest -->
