<?xml version="1.0" encoding="UTF-8"?>
<!-- Generated by org.testng.reporters.JUnitReportReporter -->
<testsuite hostname="Lekshmis-PC" failures="0" tests="6" name="testpackage.IGPWishlistTest" time="35.842" errors="0" timestamp="2025-12-29T09:23:57 IST" skipped="0">
  <testcase classname="testpackage.IGPWishlistTest" name="verifyWishlistIsEmptyWhenNoItemsAdded" time="1.845"/>
  <testcase classname="testpackage.IGPWishlistTest" name="verifyWishlistPageTitleIsCorrect" time="1.493"/>
  <testcase classname="testpackage.IGPWishlistTest" name="verifyUserCanNavigateToProductDetailsFromWishlist" time="9.794"/>
  <testcase classname="testpackage.IGPWishlistTest" name="verifyUserCanRemoveItemFromWishlist" time="6.026"/>
  <testcase classname="testpackage.IGPWishlistTest" name="verifyUserCanAddItemToWishlist" time="4.911"/>
  <testcase classname="testpackage.IGPWishlistTest" name="verifyWishlistCountUpdatesCorrectly" time="11.773"/>
</testsuite> <!-- testpackage.IGPWishlistTest -->
