<?xml version="1.0" encoding="UTF-8"?>
<!-- Generated by org.testng.reporters.JUnitReportReporter -->
<testsuite hostname="Lekshmis-PC" failures="0" tests="6" name="testpackage.IGPProductDetailsTest" time="37.386" errors="0" timestamp="2025-12-29T11:06:02 IST" skipped="0">
  <testcase classname="testpackage.IGPProductDetailsTest" name="verifyUserCanAddProductToWishlistFromProductDetailsPage" time="8.678"/>
  <testcase classname="testpackage.IGPProductDetailsTest" name="verifyUserCanSelectDeliveryLocation" time="6.527"/>
  <testcase classname="testpackage.IGPProductDetailsTest" name="verifyUserIsNavigatedToProductDetailsPage" time="4.733"/>
  <testcase classname="testpackage.IGPProductDetailsTest" name="verifyProductDetailsAreDisplayed" time="3.916"/>
  <testcase classname="testpackage.IGPProductDetailsTest" name="verifyUserCanSelectDeliveryDate" time="6.761"/>
  <testcase classname="testpackage.IGPProductDetailsTest" name="verifyCorrectProductDetailsPageIsDisplayed" time="6.771"/>
</testsuite> <!-- testpackage.IGPProductDetailsTest -->
