<?xml version="1.0" encoding="UTF-8"?>
<!-- Generated by org.testng.reporters.JUnitReportReporter -->
<testsuite hostname="Lekshmis-PC" failures="0" tests="5" name="testpackage.IGPWishlistTest" time="25.153" errors="0" timestamp="2025-12-29T11:06:02 IST" skipped="0">
  <testcase classname="testpackage.IGPWishlistTest" name="verifyWishlistIsEmptyWhenNoItemsAdded" time="1.541"/>
  <testcase classname="testpackage.IGPWishlistTest" name="verifyWishlistPageTitleIsCorrect" time="1.790"/>
  <testcase classname="testpackage.IGPWishlistTest" name="verifyUserCanNavigateToProductDetailsFromWishlist" time="11.063"/>
  <testcase classname="testpackage.IGPWishlistTest" name="verifyUserCanAddItemToWishlist" time="5.027"/>
  <testcase classname="testpackage.IGPWishlistTest" name="verifyUserCanRemoveItemFromWishlist" time="5.732"/>
</testsuite> <!-- testpackage.IGPWishlistTest -->
