<?xml version="1.0" encoding="UTF-8"?>
<!-- Generated by org.testng.reporters.JUnitReportReporter -->
<testsuite hostname="Lekshmis-PC" failures="0" tests="6" name="testpackage.IGPProductDetailsTest" time="35.539" errors="0" timestamp="2025-12-29T09:23:57 IST" skipped="0">
  <testcase classname="testpackage.IGPProductDetailsTest" name="verifyUserCanSelectDeliveryDate" time="6.627"/>
  <testcase classname="testpackage.IGPProductDetailsTest" name="verifyCorrectProductDetailsPageIsDisplayed" time="5.833"/>
  <testcase classname="testpackage.IGPProductDetailsTest" name="verifyUserCanSelectDeliveryLocation" time="4.828"/>
  <testcase classname="testpackage.IGPProductDetailsTest" name="verifyUserCanAddProductToWishlistFromProductDetailsPage" time="7.292"/>
  <testcase classname="testpackage.IGPProductDetailsTest" name="verifyUserIsNavigatedToProductDetailsPage" time="4.064"/>
  <testcase classname="testpackage.IGPProductDetailsTest" name="verifyProductDetailsAreDisplayed" time="6.895"/>
</testsuite> <!-- testpackage.IGPProductDetailsTest -->
