<?xml version="1.0" encoding="UTF-8"?>
<!-- Generated by org.testng.reporters.JUnitReportReporter -->
<testsuite hostname="Lekshmis-PC" failures="0" tests="2" name="testpackage.IGPGiftCustomizationTest" time="39.106" errors="0" timestamp="2025-12-29T09:23:57 IST" skipped="0">
  <testcase classname="testpackage.IGPGiftCustomizationTest" name="verifyUserCanCustomizePhotoCakeWithImageUpload" time="26.480"/>
  <testcase classname="testpackage.IGPGiftCustomizationTest" name="verifyNamePersonalizationOnProduct" time="12.626"/>
</testsuite> <!-- testpackage.IGPGiftCustomizationTest -->
