<?xml version="1.0" encoding="UTF-8"?>
<!-- Generated by org.testng.reporters.JUnitReportReporter -->
<testsuite hostname="Lekshmis-PC" failures="0" tests="10" name="testpackage.IGPHomepageTest" time="9.081" errors="0" timestamp="2025-12-29T11:06:02 IST" skipped="0">
  <testcase classname="testpackage.IGPHomepageTest" name="verifyHeartIconTurnsRedOnAddingItemToWishlist" time="3.033"/>
  <testcase classname="testpackage.IGPHomepageTest" name="verifyUserCanSearchForProduct" time="1.819"/>
  <testcase classname="testpackage.IGPHomepageTest" name="verifyHomePageTitleIsCorrect" time="0.019"/>
  <testcase classname="testpackage.IGPHomepageTest" name="verifyCartIsEmptyByDefault" time="1.873"/>
  <testcase classname="testpackage.IGPHomepageTest" name="verifyAllHeaderMenusArePresent" time="1.079"/>
  <testcase classname="testpackage.IGPHomepageTest" name="verifyTheFestiveMenus" time="0.022"/>
  <testcase classname="testpackage.IGPHomepageTest" name="verifyAllTopNavigationMenusArePresent" time="0.465"/>
  <testcase classname="testpackage.IGPHomepageTest" name="verifyUserCanOpenAndCloseHamburgerMenu" time="0.665"/>
  <testcase classname="testpackage.IGPHomepageTest" name="verifyIGPLogoIsPresent" time="0.098"/>
  <testcase classname="testpackage.IGPHomepageTest" name="verifyHomePageUrlIsCorrect" time="0.008"/>
</testsuite> <!-- testpackage.IGPHomepageTest -->
