<?xml version="1.0" encoding="UTF-8"?>
<!-- Generated by org.testng.reporters.JUnitReportReporter -->
<testsuite hostname="Lekshmis-PC" failures="0" tests="2" name="testpackage.IGPGiftCustomizationTest" time="73.096" errors="0" timestamp="2025-12-29T12:00:26 IST" skipped="0">
  <testcase classname="testpackage.IGPGiftCustomizationTest" name="verifyUserCanCustomizePhotoCakeWithImageUpload" time="48.570"/>
  <testcase classname="testpackage.IGPGiftCustomizationTest" name="verifyNamePersonalizationOnProduct" time="24.526"/>
</testsuite> <!-- testpackage.IGPGiftCustomizationTest -->
